<?xml version="1.0" encoding="UTF-8"?>
<coverage generated="1758645095237" clover="3.2.0">
  <project timestamp="1758645095240" name="All files">
    <metrics statements="7" coveredstatements="7" conditionals="4" coveredconditionals="4" methods="1" coveredmethods="1" elements="12" coveredelements="12" complexity="0" loc="7" ncloc="7" packages="1" files="1" classes="1"/>
    <file name="getNextMonth.js" path="/home/gilgamesh/financial-report/src/public/js/index/services/periodUtils/services/getNextMonth.js">
      <metrics statements="7" coveredstatements="7" conditionals="4" coveredconditionals="4" methods="1" coveredmethods="1"/>
      <line num="1" count="1" type="stmt"/>
      <line num="4" count="12" type="cond" truecount="2" falsecount="0"/>
      <line num="5" count="8" type="stmt"/>
      <line num="6" count="4" type="cond" truecount="2" falsecount="0"/>
      <line num="7" count="1" type="stmt"/>
      <line num="9" count="3" type="stmt"/>
      <line num="12" count="12" type="stmt"/>
    </file>
  </project>
</coverage>
